TN:
SF:index.js
FN:9,(anonymous_0)
FNF:1
FNH:1
FNDA:8,(anonymous_0)
DA:3,8
DA:4,8
DA:5,8
DA:6,8
DA:7,8
DA:9,8
DA:10,8
DA:22,8
DA:23,8
DA:24,8
DA:26,8
DA:27,8
DA:29,8
DA:31,8
DA:32,0
DA:35,8
DA:36,8
DA:38,8
LF:18
LH:17
BRDA:31,0,0,0
BRDA:31,0,1,8
BRF:2
BRH:1
end_of_record
TN:
SF:lib/agent.js
FN:3,setupAgent
FN:4,findAll
FN:8,findConnected
FN:16,findByUsername
FN:25,createOrUpdate
FN:43,findById
FN:47,findByUuid
FNF:7
FNH:4
FNDA:8,setupAgent
FNDA:0,findAll
FNDA:0,findConnected
FNDA:1,findByUsername
FNDA:2,createOrUpdate
FNDA:1,findById
FNDA:0,findByUuid
DA:3,1
DA:5,0
DA:9,0
DA:17,1
DA:26,2
DA:32,2
DA:34,2
DA:35,1
DA:36,1
DA:39,1
DA:40,1
DA:44,1
DA:48,0
DA:55,8
LF:14
LH:11
BRDA:34,0,0,1
BRDA:34,0,1,1
BRDA:36,1,0,1
BRDA:36,1,1,0
BRF:4
BRH:3
end_of_record
TN:
SF:lib/db.js
FN:6,setupDatabase
FNF:1
FNH:1
FNDA:8,setupDatabase
DA:3,1
DA:4,1
DA:6,1
DA:7,8
DA:8,1
DA:10,8
LF:6
LH:6
BRDA:7,0,0,1
BRDA:7,0,1,7
BRF:2
BRH:2
end_of_record
TN:
SF:models/agent.js
FN:6,setupAgentModel
FNF:1
FNH:0
FNDA:0,setupAgentModel
DA:3,1
DA:4,1
DA:6,1
DA:7,0
DA:9,0
LF:5
LH:3
BRF:0
BRH:0
end_of_record
TN:
SF:models/metric.js
FN:6,setupMetricModel
FNF:1
FNH:0
FNDA:0,setupMetricModel
DA:3,1
DA:4,1
DA:6,1
DA:7,0
DA:9,0
LF:5
LH:3
BRF:0
BRH:0
end_of_record
